<?xml version="1.0" encoding="UTF-8"?>
<!-- Generated by org.testng.reporters.JUnitXMLReporter -->
<testsuite ignored="12" hostname="TTNDALAPLIN009" failures="0" tests="2" name="Test" time="2.278" errors="0" timestamp="2022-08-20T20:19:42 IST">
  <testcase classname="useCases.LoginValidation" name="@BeforeMethod login" time="0.019">
    <failure type="org.openqa.selenium.NoSuchSessionException" message="invalid session id
Build info: version: &amp;apos;4.1.1&amp;apos;, revision: &amp;apos;e8fcc2cecf&amp;apos;
System info: host: &amp;apos;TTNDALAPLIN009&amp;apos;, ip: &amp;apos;127.0.1.1&amp;apos;, os.name: &amp;apos;Linux&amp;apos;, os.arch: &amp;apos;amd64&amp;apos;, os.version: &amp;apos;5.15.0-46-generic&amp;apos;, java.version: &amp;apos;17.0.2&amp;apos;
Driver info: org.openqa.selenium.chrome.ChromeDriver
Command: [c297ee600d8d6da32a654026d26e2aeb, findElement {using=name, value=userName}]
Capabilities {acceptInsecureCerts: false, browserName: chrome, browserVersion: 104.0.5112.101, chrome: {chromedriverVersion: 104.0.5112.79 (3cf3e8c8a07d..., userDataDir: /tmp/.com.google.Chrome.gqtmAx}, goog:chromeOptions: {debuggerAddress: localhost:37455}, javascriptEnabled: true, networkConnectionEnabled: false, pageLoadStrategy: normal, platform: LINUX, platformName: LINUX, proxy: Proxy(), se:cdp: ws://localhost:37455/devtoo..., se:cdpVersion: 104.0.5112.101, setWindowRect: true, strictFileInteractability: false, timeouts: {implicit: 0, pageLoad: 300000, script: 30000}, unhandledPromptBehavior: dismiss and notify, webauthn:extension:credBlob: true, webauthn:extension:largeBlob: true, webauthn:virtualAuthenticators: true}
Session ID: c297ee600d8d6da32a654026d26e2aeb">
      <![CDATA[org.openqa.selenium.NoSuchSessionException: invalid session id
Build info: version: '4.1.1', revision: 'e8fcc2cecf'
System info: host: 'TTNDALAPLIN009', ip: '127.0.1.1', os.name: 'Linux', os.arch: 'amd64', os.version: '5.15.0-46-generic', java.version: '17.0.2'
Driver info: org.openqa.selenium.chrome.ChromeDriver
Command: [c297ee600d8d6da32a654026d26e2aeb, findElement {using=name, value=userName}]
Capabilities {acceptInsecureCerts: false, browserName: chrome, browserVersion: 104.0.5112.101, chrome: {chromedriverVersion: 104.0.5112.79 (3cf3e8c8a07d..., userDataDir: /tmp/.com.google.Chrome.gqtmAx}, goog:chromeOptions: {debuggerAddress: localhost:37455}, javascriptEnabled: true, networkConnectionEnabled: false, pageLoadStrategy: normal, platform: LINUX, platformName: LINUX, proxy: Proxy(), se:cdp: ws://localhost:37455/devtoo..., se:cdpVersion: 104.0.5112.101, setWindowRect: true, strictFileInteractability: false, timeouts: {implicit: 0, pageLoad: 300000, script: 30000}, unhandledPromptBehavior: dismiss and notify, webauthn:extension:credBlob: true, webauthn:extension:largeBlob: true, webauthn:virtualAuthenticators: true}
Session ID: c297ee600d8d6da32a654026d26e2aeb
at org.openqa.selenium.remote.codec.w3c.W3CHttpResponseCodec.createException(W3CHttpResponseCodec.java:200)
at org.openqa.selenium.remote.codec.w3c.W3CHttpResponseCodec.decode(W3CHttpResponseCodec.java:133)
at org.openqa.selenium.remote.codec.w3c.W3CHttpResponseCodec.decode(W3CHttpResponseCodec.java:53)
at org.openqa.selenium.remote.HttpCommandExecutor.execute(HttpCommandExecutor.java:184)
at org.openqa.selenium.remote.service.DriverCommandExecutor.invokeExecute(DriverCommandExecutor.java:167)
at org.openqa.selenium.remote.service.DriverCommandExecutor.execute(DriverCommandExecutor.java:142)
at org.openqa.selenium.remote.RemoteWebDriver.execute(RemoteWebDriver.java:543)
at org.openqa.selenium.remote.ElementLocation$ElementFinder$2.findElement(ElementLocation.java:162)
at org.openqa.selenium.remote.ElementLocation.findElement(ElementLocation.java:60)
at org.openqa.selenium.remote.RemoteWebDriver.findElement(RemoteWebDriver.java:367)
at org.openqa.selenium.remote.RemoteWebDriver.findElement(RemoteWebDriver.java:359)
at org.openqa.selenium.support.pagefactory.DefaultElementLocator.findElement(DefaultElementLocator.java:70)
at org.openqa.selenium.support.pagefactory.AjaxElementLocator.access$001(AjaxElementLocator.java:39)
at org.openqa.selenium.support.pagefactory.AjaxElementLocator$SlowLoadingElement.isLoaded(AjaxElementLocator.java:165)
at org.openqa.selenium.support.ui.SlowLoadableComponent.get(SlowLoadableComponent.java:51)
at org.openqa.selenium.support.pagefactory.AjaxElementLocator.findElement(AjaxElementLocator.java:95)
at org.openqa.selenium.support.pagefactory.internal.LocatingElementHandler.invoke(LocatingElementHandler.java:39)
at jdk.proxy2/jdk.proxy2.$Proxy18.sendKeys(Unknown Source)
at reciproci.pages.LoginPageAct.doLogin(LoginPageAct.java:22)
at useCases.LoginValidation.login(LoginValidation.java:24)
at java.base/java.util.ArrayList.forEach(ArrayList.java:1511)
... Removed 36 stack frames]]>
    </failure>
  </testcase> <!-- @BeforeMethod login -->
  <testcase classname="useCases.LoginValidation" name="@AfterMethod tearDown" time="-1.66100698274E9">
    <skipped/>
  </testcase> <!-- @AfterMethod tearDown -->
  <testcase classname="useCases.CommunicationValUC" name="testcase_1" time="1.888"/>
  <testcase classname="useCases.CommunicationValUC" name="testcase_2" time="0.0">
    <skipped/>
  </testcase> <!-- testcase_2 -->
  <testcase classname="useCases.CommunicationValUC" name="testcase_10" time="0.0">
    <ignored/>
  </testcase> <!-- testcase_10 -->
  <testcase classname="useCases.CommunicationValUC" name="testcase_32" time="0.0">
    <ignored/>
  </testcase> <!-- testcase_32 -->
  <testcase classname="useCases.CommunicationValUC" name="testcase_67" time="0.0">
    <ignored/>
  </testcase> <!-- testcase_67 -->
  <testcase classname="useCases.LoginValidation" name="verifyLgnSucc" time="0.0">
    <ignored/>
  </testcase> <!-- verifyLgnSucc -->
  <testcase classname="useCases.LoginValidation" name="verifyLgnSucc" time="0.0">
    <ignored/>
  </testcase> <!-- verifyLgnSucc -->
  <testcase classname="useCases.LoginValidation" name="login" time="0.0">
    <ignored/>
  </testcase> <!-- login -->
  <testcase classname="useCases.LoginValidation" name="verifyLogin" time="0.0">
    <ignored/>
  </testcase> <!-- verifyLogin -->
  <testcase classname="useCases.LoginValidation" name="verifyLgnError" time="0.0">
    <ignored/>
  </testcase> <!-- verifyLgnError -->
  <testcase classname="useCases.LoginValidation" name="verifyLgnError" time="0.0">
    <ignored/>
  </testcase> <!-- verifyLgnError -->
  <testcase classname="useCases.CommunicationValUC" name="TC_TH_USR_05" time="0.0">
    <ignored/>
  </testcase> <!-- TC_TH_USR_05 -->
  <testcase classname="useCases.CommunicationValUC" name="testcase_81" time="0.0">
    <ignored/>
  </testcase> <!-- testcase_81 -->
  <testcase classname="useCases.CommunicationValUC" name="testcase_9" time="0.0">
    <ignored/>
  </testcase> <!-- testcase_9 -->
</testsuite> <!-- Test -->
